# JRE version: OpenJDK Runtime Environment (8.0_131-b11) (build 1.8.0_131-b11)
# Java VM: OpenJDK 64-Bit Server VM (25.131-b11 mixed mode linux-amd64 compressed oops)
Heap:
 PSYoungGen      total 76288K, used 17919K [0x00000000eb300000, 0x00000000f0f00000, 0x0000000100000000)
  eden space 58368K, 0% used [0x00000000eb300000,0x00000000eb300000,0x00000000eec00000)
  from space 17920K, 99% used [0x00000000eec00000,0x00000000efd7fc70,0x00000000efd80000)
  to   space 14336K, 0% used [0x00000000f0100000,0x00000000f0100000,0x00000000f0f00000)
 ParOldGen       total 73728K, used 73037K [0x00000000c1800000, 0x00000000c6000000, 0x00000000eb300000)
  object space 73728K, 99% used [0x00000000c1800000,0x00000000c5f53710,0x00000000c6000000)
 Metaspace       used 6372K, capacity 6528K, committed 6656K, reserved 1056768K
  class space    used 684K, capacity 762K, committed 768K, reserved 1048576K
GC Heap History (10 events):
Event: 21.818 GC heap after
Heap after GC invocations=3 (full 0):
 PSYoungGen      total 17920K, used 2528K [0x00000000eb300000, 0x00000000ed600000, 0x0000000100000000)
  eden space 15360K, 0% used [0x00000000eb300000,0x00000000eb300000,0x00000000ec200000)
  from space 2560K, 98% used [0x00000000ec200000,0x00000000ec478020,0x00000000ec480000)
  to   space 2560K, 0% used [0x00000000ed380000,0x00000000ed380000,0x00000000ed600000)
 ParOldGen       total 40960K, used 19367K [0x00000000c1800000, 0x00000000c4000000, 0x00000000eb300000)
  object space 40960K, 47% used [0x00000000c1800000,0x00000000c2ae9ff0,0x00000000c4000000)
 Metaspace       used 6319K, capacity 6492K, committed 6656K, reserved 1056768K
  class space    used 679K, capacity 756K, committed 768K, reserved 1048576K
}
Event: 21.861 GC heap before
{Heap before GC invocations=4 (full 0):
 PSYoungGen      total 17920K, used 17888K [0x00000000eb300000, 0x00000000ed600000, 0x0000000100000000)
  eden space 15360K, 100% used [0x00000000eb300000,0x00000000ec200000,0x00000000ec200000)
  from space 2560K, 98% used [0x00000000ec200000,0x00000000ec478020,0x00000000ec480000)
  to   space 2560K, 0% used [0x00000000ed380000,0x00000000ed380000,0x00000000ed600000)
 ParOldGen       total 40960K, used 19367K [0x00000000c1800000, 0x00000000c4000000, 0x00000000eb300000)
  object space 40960K, 47% used [0x00000000c1800000,0x00000000c2ae9ff0,0x00000000c4000000)
 Metaspace       used 6319K, capacity 6492K, committed 6656K, reserved 1056768K
  class space    used 679K, capacity 756K, committed 768K, reserved 1048576K
Event: 21.886 GC heap after
Heap after GC invocations=4 (full 0):
 PSYoungGen      total 33280K, used 2528K [0x00000000eb300000, 0x00000000ed600000, 0x0000000100000000)
  eden space 30720K, 0% used [0x00000000eb300000,0x00000000eb300000,0x00000000ed100000)
  from space 2560K, 98% used [0x00000000ed380000,0x00000000ed5f8010,0x00000000ed600000)
  to   space 2560K, 0% used [0x00000000ed100000,0x00000000ed100000,0x00000000ed380000)
 ParOldGen       total 40960K, used 26344K [0x00000000c1800000, 0x00000000c4000000, 0x00000000eb300000)
  object space 40960K, 64% used [0x00000000c1800000,0x00000000c31ba000,0x00000000c4000000)
 Metaspace       used 6319K, capacity 6492K, committed 6656K, reserved 1056768K
  class space    used 679K, capacity 756K, committed 768K, reserved 1048576K
}
Event: 21.982 GC heap before
{Heap before GC invocations=5 (full 0):
 PSYoungGen      total 33280K, used 33248K [0x00000000eb300000, 0x00000000ed600000, 0x0000000100000000)
  eden space 30720K, 100% used [0x00000000eb300000,0x00000000ed100000,0x00000000ed100000)
  from space 2560K, 98% used [0x00000000ed380000,0x00000000ed5f8010,0x00000000ed600000)
  to   space 2560K, 0% used [0x00000000ed100000,0x00000000ed100000,0x00000000ed380000)
 ParOldGen       total 40960K, used 26344K [0x00000000c1800000, 0x00000000c4000000, 0x00000000eb300000)
  object space 40960K, 64% used [0x00000000c1800000,0x00000000c31ba000,0x00000000c4000000)
 Metaspace       used 6321K, capacity 6492K, committed 6656K, reserved 1056768K
  class space    used 679K, capacity 756K, committed 768K, reserved 1048576K
Event: 22.016 GC heap after
Heap after GC invocations=5 (full 0):
 PSYoungGen      total 33280K, used 2544K [0x00000000eb300000, 0x00000000f1300000, 0x0000000100000000)
  eden space 30720K, 0% used [0x00000000eb300000,0x00000000eb300000,0x00000000ed100000)
  from space 2560K, 99% used [0x00000000ed100000,0x00000000ed37c020,0x00000000ed380000)
  to   space 18432K, 0% used [0x00000000f0100000,0x00000000f0100000,0x00000000f1300000)
 ParOldGen       total 44544K, used 43368K [0x00000000c1800000, 0x00000000c4380000, 0x00000000eb300000)
  object space 44544K, 97% used [0x00000000c1800000,0x00000000c425a020,0x00000000c4380000)
 Metaspace       used 6321K, capacity 6492K, committed 6656K, reserved 1056768K
  class space    used 679K, capacity 756K, committed 768K, reserved 1048576K
}
Event: 22.027 GC heap before
{Heap before GC invocations=6 (full 1):
 PSYoungGen      total 33280K, used 2544K [0x00000000eb300000, 0x00000000f1300000, 0x0000000100000000)
  eden space 30720K, 0% used [0x00000000eb300000,0x00000000eb300000,0x00000000ed100000)
  from space 2560K, 99% used [0x00000000ed100000,0x00000000ed37c020,0x00000000ed380000)
  to   space 18432K, 0% used [0x00000000f0100000,0x00000000f0100000,0x00000000f1300000)
 ParOldGen       total 44544K, used 43368K [0x00000000c1800000, 0x00000000c4380000, 0x00000000eb300000)
  object space 44544K, 97% used [0x00000000c1800000,0x00000000c425a020,0x00000000c4380000)
 Metaspace       used 6321K, capacity 6492K, committed 6656K, reserved 1056768K
  class space    used 679K, capacity 756K, committed 768K, reserved 1048576K
Event: 22.395 GC heap after
Heap after GC invocations=6 (full 1):
 PSYoungGen      total 33280K, used 0K [0x00000000eb300000, 0x00000000f1300000, 0x0000000100000000)
  eden space 30720K, 0% used [0x00000000eb300000,0x00000000eb300000,0x00000000ed100000)
  from space 2560K, 0% used [0x00000000ed100000,0x00000000ed100000,0x00000000ed380000)
  to   space 18432K, 0% used [0x00000000f0100000,0x00000000f0100000,0x00000000f1300000)
 ParOldGen       total 73728K, used 40999K [0x00000000c1800000, 0x00000000c6000000, 0x00000000eb300000)
  object space 73728K, 55% used [0x00000000c1800000,0x00000000c4009da0,0x00000000c6000000)
 Metaspace       used 6321K, capacity 6492K, committed 6656K, reserved 1056768K
  class space    used 679K, capacity 756K, committed 768K, reserved 1048576K
}
Event: 22.696 GC heap before
{Heap before GC invocations=7 (full 1):
 PSYoungGen      total 33280K, used 28022K [0x00000000eb300000, 0x00000000f1300000, 0x0000000100000000)
  eden space 30720K, 91% used [0x00000000eb300000,0x00000000ece5d8b0,0x00000000ed100000)
  from space 2560K, 0% used [0x00000000ed100000,0x00000000ed100000,0x00000000ed380000)
  to   space 18432K, 0% used [0x00000000f0100000,0x00000000f0100000,0x00000000f1300000)
 ParOldGen       total 73728K, used 40999K [0x00000000c1800000, 0x00000000c6000000, 0x00000000eb300000)
  object space 73728K, 55% used [0x00000000c1800000,0x00000000c4009da0,0x00000000c6000000)
 Metaspace       used 6372K, capacity 6528K, committed 6656K, reserved 1056768K
  class space    used 684K, capacity 762K, committed 768K, reserved 1048576K
Event: 22.737 GC heap after
Heap after GC invocations=7 (full 1):
 PSYoungGen      total 72704K, used 12907K [0x00000000eb300000, 0x00000000f0f00000, 0x0000000100000000)
  eden space 58368K, 0% used [0x00000000eb300000,0x00000000eb300000,0x00000000eec00000)
  from space 14336K, 90% used [0x00000000f0100000,0x00000000f0d9afc0,0x00000000f0f00000)
  to   space 17920K, 0% used [0x00000000eec00000,0x00000000eec00000,0x00000000efd80000)
 ParOldGen       total 73728K, used 41007K [0x00000000c1800000, 0x00000000c6000000, 0x00000000eb300000)
  object space 73728K, 55% used [0x00000000c1800000,0x00000000c400bda0,0x00000000c6000000)
 Metaspace       used 6372K, capacity 6528K, committed 6656K, reserved 1056768K
  class space    used 684K, capacity 762K, committed 768K, reserved 1048576K
}
Event: 22.862 GC heap before
{Heap before GC invocations=8 (full 1):
 PSYoungGen      total 72704K, used 71275K [0x00000000eb300000, 0x00000000f0f00000, 0x0000000100000000)
  eden space 58368K, 100% used [0x00000000eb300000,0x00000000eec00000,0x00000000eec00000)
  from space 14336K, 90% used [0x00000000f0100000,0x00000000f0d9afc0,0x00000000f0f00000)
  to   space 17920K, 0% used [0x00000000eec00000,0x00000000eec00000,0x00000000efd80000)
 ParOldGen       total 73728K, used 41007K [0x00000000c1800000, 0x00000000c6000000, 0x00000000eb300000)
  object space 73728K, 55% used [0x00000000c1800000,0x00000000c400bda0,0x00000000c6000000)
 Metaspace       used 6372K, capacity 6528K, committed 6656K, reserved 1056768K
  class space    used 684K, capacity 762K, committed 768K, reserved 1048576K

