# JRE version: OpenJDK Runtime Environment (8.0_131-b11) (build 1.8.0_131-b11)
# Java VM: OpenJDK 64-Bit Server VM (25.131-b11 mixed mode linux-amd64 compressed oops)
Heap:
 PSYoungGen      total 69632K, used 16352K [0x00000000eb300000, 0x00000000f0b00000, 0x0000000100000000)
  eden space 53248K, 0% used [0x00000000eb300000,0x00000000eb300000,0x00000000ee700000)
  from space 16384K, 99% used [0x00000000eeb00000,0x00000000efaf8020,0x00000000efb00000)
  to   space 12800K, 0% used [0x00000000efe80000,0x00000000efe80000,0x00000000f0b00000)
 ParOldGen       total 74240K, used 72094K [0x00000000c1800000, 0x00000000c6080000, 0x00000000eb300000)
  object space 74240K, 97% used [0x00000000c1800000,0x00000000c5e67920,0x00000000c6080000)
 Metaspace       used 6375K, capacity 6528K, committed 6656K, reserved 1056768K
  class space    used 684K, capacity 762K, committed 768K, reserved 1048576K
GC Heap History (10 events):
Event: 6.469 GC heap after
Heap after GC invocations=3 (full 0):
 PSYoungGen      total 17920K, used 2528K [0x00000000eb300000, 0x00000000ed600000, 0x0000000100000000)
  eden space 15360K, 0% used [0x00000000eb300000,0x00000000eb300000,0x00000000ec200000)
  from space 2560K, 98% used [0x00000000ec200000,0x00000000ec478020,0x00000000ec480000)
  to   space 2560K, 0% used [0x00000000ed380000,0x00000000ed380000,0x00000000ed600000)
 ParOldGen       total 40960K, used 20831K [0x00000000c1800000, 0x00000000c4000000, 0x00000000eb300000)
  object space 40960K, 50% used [0x00000000c1800000,0x00000000c2c57ff0,0x00000000c4000000)
 Metaspace       used 6322K, capacity 6492K, committed 6656K, reserved 1056768K
  class space    used 679K, capacity 756K, committed 768K, reserved 1048576K
}
Event: 6.511 GC heap before
{Heap before GC invocations=4 (full 0):
 PSYoungGen      total 17920K, used 17888K [0x00000000eb300000, 0x00000000ed600000, 0x0000000100000000)
  eden space 15360K, 100% used [0x00000000eb300000,0x00000000ec200000,0x00000000ec200000)
  from space 2560K, 98% used [0x00000000ec200000,0x00000000ec478020,0x00000000ec480000)
  to   space 2560K, 0% used [0x00000000ed380000,0x00000000ed380000,0x00000000ed600000)
 ParOldGen       total 40960K, used 20831K [0x00000000c1800000, 0x00000000c4000000, 0x00000000eb300000)
  object space 40960K, 50% used [0x00000000c1800000,0x00000000c2c57ff0,0x00000000c4000000)
 Metaspace       used 6322K, capacity 6492K, committed 6656K, reserved 1056768K
  class space    used 679K, capacity 756K, committed 768K, reserved 1048576K
Event: 6.529 GC heap after
Heap after GC invocations=4 (full 0):
 PSYoungGen      total 33280K, used 2544K [0x00000000eb300000, 0x00000000ed600000, 0x0000000100000000)
  eden space 30720K, 0% used [0x00000000eb300000,0x00000000eb300000,0x00000000ed100000)
  from space 2560K, 99% used [0x00000000ed380000,0x00000000ed5fc030,0x00000000ed600000)
  to   space 2560K, 0% used [0x00000000ed100000,0x00000000ed100000,0x00000000ed380000)
 ParOldGen       total 40960K, used 27775K [0x00000000c1800000, 0x00000000c4000000, 0x00000000eb300000)
  object space 40960K, 67% used [0x00000000c1800000,0x00000000c331fff0,0x00000000c4000000)
 Metaspace       used 6322K, capacity 6492K, committed 6656K, reserved 1056768K
  class space    used 679K, capacity 756K, committed 768K, reserved 1048576K
}
Event: 6.658 GC heap before
{Heap before GC invocations=5 (full 0):
 PSYoungGen      total 33280K, used 33264K [0x00000000eb300000, 0x00000000ed600000, 0x0000000100000000)
  eden space 30720K, 100% used [0x00000000eb300000,0x00000000ed100000,0x00000000ed100000)
  from space 2560K, 99% used [0x00000000ed380000,0x00000000ed5fc030,0x00000000ed600000)
  to   space 2560K, 0% used [0x00000000ed100000,0x00000000ed100000,0x00000000ed380000)
 ParOldGen       total 40960K, used 27775K [0x00000000c1800000, 0x00000000c4000000, 0x00000000eb300000)
  object space 40960K, 67% used [0x00000000c1800000,0x00000000c331fff0,0x00000000c4000000)
 Metaspace       used 6324K, capacity 6492K, committed 6656K, reserved 1056768K
  class space    used 679K, capacity 756K, committed 768K, reserved 1048576K
Event: 6.677 GC heap after
Heap after GC invocations=5 (full 0):
 PSYoungGen      total 33280K, used 2544K [0x00000000eb300000, 0x00000000f0e00000, 0x0000000100000000)
  eden space 30720K, 0% used [0x00000000eb300000,0x00000000eb300000,0x00000000ed100000)
  from space 2560K, 99% used [0x00000000ed100000,0x00000000ed37c020,0x00000000ed380000)
  to   space 15872K, 0% used [0x00000000efe80000,0x00000000efe80000,0x00000000f0e00000)
 ParOldGen       total 44032K, used 43424K [0x00000000c1800000, 0x00000000c4300000, 0x00000000eb300000)
  object space 44032K, 98% used [0x00000000c1800000,0x00000000c4268010,0x00000000c4300000)
 Metaspace       used 6324K, capacity 6492K, committed 6656K, reserved 1056768K
  class space    used 679K, capacity 756K, committed 768K, reserved 1048576K
}
Event: 6.677 GC heap before
{Heap before GC invocations=6 (full 1):
 PSYoungGen      total 33280K, used 2544K [0x00000000eb300000, 0x00000000f0e00000, 0x0000000100000000)
  eden space 30720K, 0% used [0x00000000eb300000,0x00000000eb300000,0x00000000ed100000)
  from space 2560K, 99% used [0x00000000ed100000,0x00000000ed37c020,0x00000000ed380000)
  to   space 15872K, 0% used [0x00000000efe80000,0x00000000efe80000,0x00000000f0e00000)
 ParOldGen       total 44032K, used 43424K [0x00000000c1800000, 0x00000000c4300000, 0x00000000eb300000)
  object space 44032K, 98% used [0x00000000c1800000,0x00000000c4268010,0x00000000c4300000)
 Metaspace       used 6324K, capacity 6492K, committed 6656K, reserved 1056768K
  class space    used 679K, capacity 756K, committed 768K, reserved 1048576K
Event: 6.902 GC heap after
Heap after GC invocations=6 (full 1):
 PSYoungGen      total 33280K, used 0K [0x00000000eb300000, 0x00000000f0e00000, 0x0000000100000000)
  eden space 30720K, 0% used [0x00000000eb300000,0x00000000eb300000,0x00000000ed100000)
  from space 2560K, 0% used [0x00000000ed100000,0x00000000ed100000,0x00000000ed380000)
  to   space 15872K, 0% used [0x00000000efe80000,0x00000000efe80000,0x00000000f0e00000)
 ParOldGen       total 74240K, used 41103K [0x00000000c1800000, 0x00000000c6080000, 0x00000000eb300000)
  object space 74240K, 55% used [0x00000000c1800000,0x00000000c4023cb0,0x00000000c6080000)
 Metaspace       used 6324K, capacity 6492K, committed 6656K, reserved 1056768K
  class space    used 679K, capacity 756K, committed 768K, reserved 1048576K
}
Event: 7.691 GC heap before
{Heap before GC invocations=7 (full 1):
 PSYoungGen      total 33280K, used 27407K [0x00000000eb300000, 0x00000000f0e00000, 0x0000000100000000)
  eden space 30720K, 89% used [0x00000000eb300000,0x00000000ecdc3dd8,0x00000000ed100000)
  from space 2560K, 0% used [0x00000000ed100000,0x00000000ed100000,0x00000000ed380000)
  to   space 15872K, 0% used [0x00000000efe80000,0x00000000efe80000,0x00000000f0e00000)
 ParOldGen       total 74240K, used 41103K [0x00000000c1800000, 0x00000000c6080000, 0x00000000eb300000)
  object space 74240K, 55% used [0x00000000c1800000,0x00000000c4023cb0,0x00000000c6080000)
 Metaspace       used 6375K, capacity 6528K, committed 6656K, reserved 1056768K
  class space    used 684K, capacity 762K, committed 768K, reserved 1048576K
Event: 7.728 GC heap after
Heap after GC invocations=7 (full 1):
 PSYoungGen      total 66048K, used 12789K [0x00000000eb300000, 0x00000000f0b00000, 0x0000000100000000)
  eden space 53248K, 0% used [0x00000000eb300000,0x00000000eb300000,0x00000000ee700000)
  from space 12800K, 99% used [0x00000000efe80000,0x00000000f0afd560,0x00000000f0b00000)
  to   space 16384K, 0% used [0x00000000eeb00000,0x00000000eeb00000,0x00000000efb00000)
 ParOldGen       total 74240K, used 41111K [0x00000000c1800000, 0x00000000c6080000, 0x00000000eb300000)
  object space 74240K, 55% used [0x00000000c1800000,0x00000000c4025cb0,0x00000000c6080000)
 Metaspace       used 6375K, capacity 6528K, committed 6656K, reserved 1056768K
  class space    used 684K, capacity 762K, committed 768K, reserved 1048576K
}
Event: 8.280 GC heap before
{Heap before GC invocations=8 (full 1):
 PSYoungGen      total 66048K, used 66037K [0x00000000eb300000, 0x00000000f0b00000, 0x0000000100000000)
  eden space 53248K, 100% used [0x00000000eb300000,0x00000000ee700000,0x00000000ee700000)
  from space 12800K, 99% used [0x00000000efe80000,0x00000000f0afd560,0x00000000f0b00000)
  to   space 16384K, 0% used [0x00000000eeb00000,0x00000000eeb00000,0x00000000efb00000)
 ParOldGen       total 74240K, used 41111K [0x00000000c1800000, 0x00000000c6080000, 0x00000000eb300000)
  object space 74240K, 55% used [0x00000000c1800000,0x00000000c4025cb0,0x00000000c6080000)
 Metaspace       used 6375K, capacity 6528K, committed 6656K, reserved 1056768K
  class space    used 684K, capacity 762K, committed 768K, reserved 1048576K

